<?xml version="1.0" encoding="UTF-8"?>
<!-- Generated by org.testng.reporters.JUnitXMLReporter -->
<testsuite ignored="0" hostname="DESKTOP-BGR262R" failures="0" tests="3" name="Surefire test" time="8.181" errors="0" timestamp="2024-12-01T21:28:03 EST">
  <testcase classname="com.example.api.ApiTest" name="testAllPosts" time="7.025"/>
  <testcase classname="com.example.api.ApiTest" name="testGetRequest" time="0.652"/>
  <testcase classname="com.example.api.ApiTest" name="testGetRequest1" time="0.403"/>
</testsuite> <!-- Surefire test -->
