<?xml version="1.0" encoding="UTF-8"?>
<!-- Generated by org.testng.reporters.JUnitXMLReporter -->
<testsuite ignored="0" hostname="DESKTOP-BGR262R" failures="0" tests="3" name="API Tests" time="7.741" errors="0" timestamp="2024-12-01T21:28:16 EST">
  <testcase classname="com.example.api.ApiTest" name="testAllPosts" time="7.327"/>
  <testcase classname="com.example.api.ApiTest" name="testGetRequest" time="0.146"/>
  <testcase classname="com.example.api.ApiTest" name="testGetRequest1" time="0.167"/>
</testsuite> <!-- API Tests -->
