<?xml version="1.0" encoding="UTF-8"?>
<testng-results ignored="0" total="3" passed="3" failed="0" skipped="0">
  <reporter-output>
  </reporter-output>
  <suite started-at="2024-12-01T21:27:55 EST" name="Surefire suite" finished-at="2024-12-01T21:28:03 EST" duration-ms="8181">
    <groups>
    </groups>
    <test started-at="2024-12-01T21:27:55 EST" name="Surefire test" finished-at="2024-12-01T21:28:03 EST" duration-ms="8181">
      <class name="com.example.api.ApiTest">
        <test-method signature="testAllPosts()[pri:0, instance:com.example.api.ApiTest@4d49af10]" started-at="2024-12-01T21:27:55 EST" name="testAllPosts" finished-at="2024-12-01T21:28:02 EST" duration-ms="7025" status="PASS">
          <reporter-output>
          </reporter-output>
        </test-method> <!-- testAllPosts -->
        <test-method signature="testGetRequest()[pri:0, instance:com.example.api.ApiTest@4d49af10]" started-at="2024-12-01T21:28:02 EST" name="testGetRequest" finished-at="2024-12-01T21:28:03 EST" duration-ms="652" status="PASS">
          <reporter-output>
          </reporter-output>
        </test-method> <!-- testGetRequest -->
        <test-method signature="testGetRequest1()[pri:0, instance:com.example.api.ApiTest@4d49af10]" started-at="2024-12-01T21:28:03 EST" name="testGetRequest1" finished-at="2024-12-01T21:28:03 EST" duration-ms="403" status="PASS">
          <reporter-output>
          </reporter-output>
        </test-method> <!-- testGetRequest1 -->
      </class> <!-- com.example.api.ApiTest -->
    </test> <!-- Surefire test -->
  </suite> <!-- Surefire suite -->
</testng-results>
