<?xml version="1.0" encoding="UTF-8"?>
<testng-results ignored="0" total="3" passed="3" failed="0" skipped="0">
  <reporter-output>
  </reporter-output>
  <suite started-at="2024-12-01T21:28:08 EST" name="API Testing Suite" finished-at="2024-12-01T21:28:16 EST" duration-ms="7741">
    <groups>
    </groups>
    <test started-at="2024-12-01T21:28:08 EST" name="API Tests" finished-at="2024-12-01T21:28:16 EST" duration-ms="7741">
      <class name="com.example.api.ApiTest">
        <test-method signature="testAllPosts()[pri:0, instance:com.example.api.ApiTest@4ac3c60d]" started-at="2024-12-01T21:28:08 EST" name="testAllPosts" finished-at="2024-12-01T21:28:16 EST" duration-ms="7327" status="PASS">
          <reporter-output>
          </reporter-output>
        </test-method> <!-- testAllPosts -->
        <test-method signature="testGetRequest()[pri:0, instance:com.example.api.ApiTest@4ac3c60d]" started-at="2024-12-01T21:28:16 EST" name="testGetRequest" finished-at="2024-12-01T21:28:16 EST" duration-ms="146" status="PASS">
          <reporter-output>
          </reporter-output>
        </test-method> <!-- testGetRequest -->
        <test-method signature="testGetRequest1()[pri:0, instance:com.example.api.ApiTest@4ac3c60d]" started-at="2024-12-01T21:28:16 EST" name="testGetRequest1" finished-at="2024-12-01T21:28:16 EST" duration-ms="167" status="PASS">
          <reporter-output>
          </reporter-output>
        </test-method> <!-- testGetRequest1 -->
      </class> <!-- com.example.api.ApiTest -->
    </test> <!-- API Tests -->
  </suite> <!-- API Testing Suite -->
</testng-results>
